[debug] [2025-12-07T17:39:06.665Z] ----------------------------------------------------------------------
[debug] [2025-12-07T17:39:06.669Z] Command:       C:\Program Files\nodejs\node.exe C:\Users\Louijie\AppData\Roaming\npm\node_modules\firebase-tools\lib\bin\firebase.js init hosting
[debug] [2025-12-07T17:39:06.669Z] CLI Version:   14.27.0
[debug] [2025-12-07T17:39:06.670Z] Platform:      win32
[debug] [2025-12-07T17:39:06.670Z] Node Version:  v24.11.0
[debug] [2025-12-07T17:39:06.670Z] Time:          Mon Dec 08 2025 01:39:06 GMT+0800 (Philippine Standard Time)
[debug] [2025-12-07T17:39:06.670Z] ----------------------------------------------------------------------
[debug] 
[info] 
     ######## #### ########  ######## ########     ###     ######  ########
     ##        ##  ##     ## ##       ##     ##  ##   ##  ##       ##
     ######    ##  ########  ######   ########  #########  ######  ######
     ##        ##  ##    ##  ##       ##     ## ##     ##       ## ##
     ##       #### ##     ## ######## ########  ##     ##  ######  ########

You're about to initialize a Firebase project in this directory:

  C:\Users\Louijie\Downloads\BarangayInfoSystem-main

[info] 
=== Project Setup
[info] 
[info] First, let's associate this project directory with a Firebase project.
[info] You can create multiple project aliases by running firebase use --add, 
[info] 
[debug] [2025-12-07T17:39:48.437Z] > command requires scopes: ["email","openid","https://www.googleapis.com/auth/cloudplatformprojects.readonly","https://www.googleapis.com/auth/firebase","https://www.googleapis.com/auth/cloud-platform"]
[debug] [2025-12-07T17:39:48.437Z] > authorizing via signed-in user (flui1317@gmail.com)
[debug] [2025-12-07T17:39:48.439Z] Checked if tokens are valid: true, expires at: 1765132730324
[debug] [2025-12-07T17:39:48.439Z] Checked if tokens are valid: true, expires at: 1765132730324
[debug] [2025-12-07T17:39:48.441Z] >>> [apiv2][query] GET https://firebase.googleapis.com/v1beta1/projects pageSize=100
[debug] [2025-12-07T17:39:50.149Z] <<< [apiv2][status] GET https://firebase.googleapis.com/v1beta1/projects 200
[debug] [2025-12-07T17:39:50.149Z] <<< [apiv2][body] GET https://firebase.googleapis.com/v1beta1/projects [omitted]
[info] 
=== Hosting Setup
[debug] [2025-12-07T17:39:54.324Z] Checked if tokens are valid: true, expires at: 1765132730324
[debug] [2025-12-07T17:39:54.324Z] Checked if tokens are valid: true, expires at: 1765132730324
[debug] [2025-12-07T17:39:54.324Z] >>> [apiv2][query] GET https://firebase.googleapis.com/v1beta1/projects/barangaysystem-feb25 [none]
[debug] [2025-12-07T17:39:54.585Z] <<< [apiv2][status] GET https://firebase.googleapis.com/v1beta1/projects/barangaysystem-feb25 200
[debug] [2025-12-07T17:39:54.585Z] <<< [apiv2][body] GET https://firebase.googleapis.com/v1beta1/projects/barangaysystem-feb25 {"projectId":"barangaysystem-feb25","projectNumber":"489821730722","displayName":"Barangaysystem","name":"projects/barangaysystem-feb25","resources":{"hostingSite":"barangaysystem-feb25"},"state":"ACTIVE","etag":"1_de2e2a5b-0dda-4263-ab17-289b9111ddd4"}
[info] 
[info] Your public directory is the folder (relative to your project directory) that
[info] will contain Hosting assets to be uploaded with firebase deploy. If you
[info] have a build process for your assets, use your build's output directory.
[info] 
[info] 
[info] i  Didn't detect a .git folder. Assuming C:\Users\Louijie\Downloads\BarangayInfoSystem-main is the project root. 
[info] i  Authorizing with GitHub to upload your service account to a GitHub repository's secrets store. 
[info] 
[info] Visit this URL on this device to log in:
[info] https://github.com/login/oauth/authorize?client_id=89cf50f02ac6aaed3484&state=634550661&redirect_uri=http%3A%2F%2Flocalhost%3A9005&scope=read%3Auser%20repo%20public_repo
[info] 
[info] Waiting for authentication...
[debug] [2025-12-07T17:40:40.553Z] >>> [apiv2][query] POST https://github.com/login/oauth/access_token [none]
[debug] [2025-12-07T17:40:40.554Z] >>> [apiv2][body] POST https://github.com/login/oauth/access_token [stream]
[debug] [2025-12-07T17:40:41.116Z] <<< [apiv2][status] POST https://github.com/login/oauth/access_token 200
[debug] [2025-12-07T17:40:41.116Z] <<< [apiv2][body] POST https://github.com/login/oauth/access_token {"access_token":"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","token_type":"bearer","scope":"read:user,repo"}
[debug] [2025-12-07T17:40:41.122Z] >>> [apiv2][query] GET https://api.github.com/user [none]
[debug] [2025-12-07T17:40:41.707Z] <<< [apiv2][status] GET https://api.github.com/user 200
[debug] [2025-12-07T17:40:41.707Z] <<< [apiv2][body] GET https://api.github.com/user {"login":"flui1317-ui","id":248336478,"node_id":"U_kgDODs1QXg","avatar_url":"https://avatars.githubusercontent.com/u/248336478?v=4","gravatar_id":"","url":"https://api.github.com/users/flui1317-ui","html_url":"https://github.com/flui1317-ui","followers_url":"https://api.github.com/users/flui1317-ui/followers","following_url":"https://api.github.com/users/flui1317-ui/following{/other_user}","gists_url":"https://api.github.com/users/flui1317-ui/gists{/gist_id}","starred_url":"https://api.github.com/users/flui1317-ui/starred{/owner}{/repo}","subscriptions_url":"https://api.github.com/users/flui1317-ui/subscriptions","organizations_url":"https://api.github.com/users/flui1317-ui/orgs","repos_url":"https://api.github.com/users/flui1317-ui/repos","events_url":"https://api.github.com/users/flui1317-ui/events{/privacy}","received_events_url":"https://api.github.com/users/flui1317-ui/received_events","type":"User","user_view_type":"private","site_admin":false,"name":null,"company":null,"blog":"","location":null,"email":null,"hireable":null,"bio":null,"twitter_username":null,"notification_email":null,"public_repos":0,"public_gists":0,"followers":0,"following":0,"created_at":"2025-12-07T17:40:33Z","updated_at":"2025-12-07T17:40:33Z","private_gists":0,"total_private_repos":0,"owned_private_repos":0,"disk_usage":0,"collaborators":0,"two_factor_authentication":false,"plan":{"name":"free","space":976562499,"collaborators":0,"private_repos":10000}}
[info] 
[info] +  Success! Logged into GitHub as flui1317-ui 
[info] 
[debug] [2025-12-07T17:41:26.107Z] ExitPromptError: User force closed the prompt with SIGINT
    at Interface.sigint (C:\Users\Louijie\AppData\Roaming\npm\node_modules\firebase-tools\node_modules\@inquirer\core\dist\commonjs\lib\create-prompt.js:101:37)
    at Interface.emit (node:events:508:28)
    at Interface.emit (node:domain:489:12)
    at [_ttyWrite] [as _ttyWrite] (node:internal/readline/interface:1317:18)
    at ReadStream.onkeypress (node:internal/readline/interface:284:20)
    at ReadStream.emit (node:events:520:35)
    at ReadStream.emit (node:domain:489:12)
    at emitKeys (node:internal/readline/utils:371:14)
    at emitKeys.next (<anonymous>)
    at ReadStream.onData (node:internal/readline/emitKeypressEvents:64:36)
[error] 
[error] Error: An unexpected error has occurred.
[debug] [2025-12-07T17:43:08.861Z] ----------------------------------------------------------------------
[debug] [2025-12-07T17:43:08.866Z] Command:       C:\Program Files\nodejs\node.exe C:\Users\Louijie\AppData\Roaming\npm\node_modules\firebase-tools\lib\bin\firebase.js init hosting
[debug] [2025-12-07T17:43:08.867Z] CLI Version:   14.27.0
[debug] [2025-12-07T17:43:08.867Z] Platform:      win32
[debug] [2025-12-07T17:43:08.867Z] Node Version:  v24.11.0
[debug] [2025-12-07T17:43:08.867Z] Time:          Mon Dec 08 2025 01:43:08 GMT+0800 (Philippine Standard Time)
[debug] [2025-12-07T17:43:08.867Z] ----------------------------------------------------------------------
[debug] 
[info] 
     ######## #### ########  ######## ########     ###     ######  ########
     ##        ##  ##     ## ##       ##     ##  ##   ##  ##       ##
     ######    ##  ########  ######   ########  #########  ######  ######
     ##        ##  ##    ##  ##       ##     ## ##     ##       ## ##
     ##       #### ##     ## ######## ########  ##     ##  ######  ########

You're about to initialize a Firebase project in this directory:

  C:\Users\Louijie\Downloads\BarangayInfoSystem-main

[info] 
=== Project Setup
[info] 
[info] First, let's associate this project directory with a Firebase project.
[info] You can create multiple project aliases by running firebase use --add, 
[info] 
[debug] [2025-12-07T17:43:12.576Z] > command requires scopes: ["email","openid","https://www.googleapis.com/auth/cloudplatformprojects.readonly","https://www.googleapis.com/auth/firebase","https://www.googleapis.com/auth/cloud-platform"]
[debug] [2025-12-07T17:43:12.576Z] > authorizing via signed-in user (flui1317@gmail.com)
[debug] [2025-12-07T17:43:12.578Z] Checked if tokens are valid: true, expires at: 1765132730324
[debug] [2025-12-07T17:43:12.579Z] Checked if tokens are valid: true, expires at: 1765132730324
[debug] [2025-12-07T17:43:12.581Z] >>> [apiv2][query] GET https://firebase.googleapis.com/v1beta1/projects/barangaysystem-feb25 [none]
[debug] [2025-12-07T17:43:12.992Z] <<< [apiv2][status] GET https://firebase.googleapis.com/v1beta1/projects/barangaysystem-feb25 200
[debug] [2025-12-07T17:43:12.993Z] <<< [apiv2][body] GET https://firebase.googleapis.com/v1beta1/projects/barangaysystem-feb25 {"projectId":"barangaysystem-feb25","projectNumber":"489821730722","displayName":"Barangaysystem","name":"projects/barangaysystem-feb25","resources":{"hostingSite":"barangaysystem-feb25"},"state":"ACTIVE","etag":"1_de2e2a5b-0dda-4263-ab17-289b9111ddd4"}
[info] i  Using project barangaysystem-feb25 (Barangaysystem) . 
[info] 
=== Hosting Setup
[debug] [2025-12-07T17:43:13.003Z] Checked if tokens are valid: true, expires at: 1765132730324
[debug] [2025-12-07T17:43:13.004Z] Checked if tokens are valid: true, expires at: 1765132730324
[debug] [2025-12-07T17:43:13.004Z] >>> [apiv2][query] GET https://firebase.googleapis.com/v1beta1/projects/barangaysystem-feb25 [none]
[debug] [2025-12-07T17:43:13.279Z] <<< [apiv2][status] GET https://firebase.googleapis.com/v1beta1/projects/barangaysystem-feb25 200
[debug] [2025-12-07T17:43:13.280Z] <<< [apiv2][body] GET https://firebase.googleapis.com/v1beta1/projects/barangaysystem-feb25 {"projectId":"barangaysystem-feb25","projectNumber":"489821730722","displayName":"Barangaysystem","name":"projects/barangaysystem-feb25","resources":{"hostingSite":"barangaysystem-feb25"},"state":"ACTIVE","etag":"1_de2e2a5b-0dda-4263-ab17-289b9111ddd4"}
[info] 
[info] Your public directory is the folder (relative to your project directory) that
[info] will contain Hosting assets to be uploaded with firebase deploy. If you
[info] have a build process for your assets, use your build's output directory.
[info] 
[info] 
[info] i  Didn't detect a .git folder. Assuming C:\Users\Louijie\Downloads\BarangayInfoSystem-main is the project root. 
[info] i  Authorizing with GitHub to upload your service account to a GitHub repository's secrets store. 
[info] 
[info] Visit this URL on this device to log in:
[info] https://github.com/login/oauth/authorize?client_id=89cf50f02ac6aaed3484&state=159012382&redirect_uri=http%3A%2F%2Flocalhost%3A9005&scope=read%3Auser%20repo%20public_repo
[info] 
[info] Waiting for authentication...
[debug] [2025-12-07T17:43:28.570Z] >>> [apiv2][query] POST https://github.com/login/oauth/access_token [none]
[debug] [2025-12-07T17:43:28.570Z] >>> [apiv2][body] POST https://github.com/login/oauth/access_token [stream]
[debug] [2025-12-07T17:43:30.181Z] <<< [apiv2][status] POST https://github.com/login/oauth/access_token 200
[debug] [2025-12-07T17:43:30.181Z] <<< [apiv2][body] POST https://github.com/login/oauth/access_token {"access_token":"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","token_type":"bearer","scope":"read:user,repo"}
[debug] [2025-12-07T17:43:30.186Z] >>> [apiv2][query] GET https://api.github.com/user [none]
[debug] [2025-12-07T17:43:30.742Z] <<< [apiv2][status] GET https://api.github.com/user 200
[debug] [2025-12-07T17:43:30.742Z] <<< [apiv2][body] GET https://api.github.com/user {"login":"flui1317-ui","id":248336478,"node_id":"U_kgDODs1QXg","avatar_url":"https://avatars.githubusercontent.com/u/248336478?v=4","gravatar_id":"","url":"https://api.github.com/users/flui1317-ui","html_url":"https://github.com/flui1317-ui","followers_url":"https://api.github.com/users/flui1317-ui/followers","following_url":"https://api.github.com/users/flui1317-ui/following{/other_user}","gists_url":"https://api.github.com/users/flui1317-ui/gists{/gist_id}","starred_url":"https://api.github.com/users/flui1317-ui/starred{/owner}{/repo}","subscriptions_url":"https://api.github.com/users/flui1317-ui/subscriptions","organizations_url":"https://api.github.com/users/flui1317-ui/orgs","repos_url":"https://api.github.com/users/flui1317-ui/repos","events_url":"https://api.github.com/users/flui1317-ui/events{/privacy}","received_events_url":"https://api.github.com/users/flui1317-ui/received_events","type":"User","user_view_type":"private","site_admin":false,"name":null,"company":null,"blog":"","location":null,"email":null,"hireable":null,"bio":null,"twitter_username":null,"notification_email":null,"public_repos":0,"public_gists":0,"followers":0,"following":0,"created_at":"2025-12-07T17:40:33Z","updated_at":"2025-12-07T17:40:33Z","private_gists":0,"total_private_repos":0,"owned_private_repos":0,"disk_usage":0,"collaborators":0,"two_factor_authentication":false,"plan":{"name":"free","space":976562499,"collaborators":0,"private_repos":10000}}
[info] 
[info] +  Success! Logged into GitHub as flui1317-ui 
[info] 
[debug] [2025-12-07T17:43:55.994Z] >>> [apiv2][query] GET https://api.github.com/repos/format:user/actions/secrets/public-key type=owner
[debug] [2025-12-07T17:43:57.473Z] <<< [apiv2][status] GET https://api.github.com/repos/format:user/actions/secrets/public-key 404
[debug] [2025-12-07T17:43:57.473Z] <<< [apiv2][body] GET https://api.github.com/repos/format:user/actions/secrets/public-key {"message":"Not Found","documentation_url":"https://docs.github.com/rest","status":"404"}
[info] 
[info] 
[error] !  The provided authorization cannot be used with this repository. If this repository is in an organization, did you remember to grant access? 
[info] 
[info] i  Action required: Visit this URL to ensure access has been granted to the appropriate organization(s) for the Firebase CLI GitHub OAuth App: 
[info] https://github.com/settings/connections/applications/89cf50f02ac6aaed3484
[info] 
[debug] [2025-12-07T17:44:31.899Z] >>> [apiv2][query] GET https://api.github.com/repos/(format:user)/actions/secrets/public-key type=owner
[debug] [2025-12-07T17:44:33.838Z] <<< [apiv2][status] GET https://api.github.com/repos/(format:user)/actions/secrets/public-key 404
[debug] [2025-12-07T17:44:33.839Z] <<< [apiv2][body] GET https://api.github.com/repos/(format:user)/actions/secrets/public-key {"message":"Not Found","documentation_url":"https://docs.github.com/rest","status":"404"}
[info] 
[info] 
[error] !  The provided authorization cannot be used with this repository. If this repository is in an organization, did you remember to grant access? 
[info] 
[info] i  Action required: Visit this URL to ensure access has been granted to the appropriate organization(s) for the Firebase CLI GitHub OAuth App: 
[info] https://github.com/settings/connections/applications/89cf50f02ac6aaed3484
[info] 
[debug] [2025-12-07T17:52:08.756Z] >>> [apiv2][query] GET https://api.github.com/repos/ flui1317-ui/BarangayInfoSystem-main/actions/secrets/public-key type=owner
[debug] [2025-12-07T17:52:10.751Z] <<< [apiv2][status] GET https://api.github.com/repos/ flui1317-ui/BarangayInfoSystem-main/actions/secrets/public-key 404
[debug] [2025-12-07T17:52:10.751Z] <<< [apiv2][body] GET https://api.github.com/repos/ flui1317-ui/BarangayInfoSystem-main/actions/secrets/public-key {"message":"Not Found","documentation_url":"https://docs.github.com/rest/actions/secrets#get-a-repository-public-key","status":"404"}
[info] 
[info] 
[error] !  The provided authorization cannot be used with this repository. If this repository is in an organization, did you remember to grant access? 
[info] 
[info] i  Action required: Visit this URL to ensure access has been granted to the appropriate organization(s) for the Firebase CLI GitHub OAuth App: 
[info] https://github.com/settings/connections/applications/89cf50f02ac6aaed3484
[info] 
